<?xml version="1.0" encoding="UTF-8"?>
<testsuite xmlns:xsi="http://www.w3.org/2001/XMLSchema-instance" xsi:noNamespaceSchemaLocation="https://maven.apache.org/surefire/maven-surefire-plugin/xsd/surefire-test-report-3.0.xsd" version="3.0" name="RunTests" time="21.812" tests="8" errors="0" skipped="0" failures="2">
  <properties>
    <property name="sun.desktop" value="windows"/>
    <property name="awt.toolkit" value="sun.awt.windows.WToolkit"/>
    <property name="file.encoding.pkg" value="sun.io"/>
    <property name="java.specification.version" value="1.8"/>
    <property name="sun.cpu.isalist" value="amd64"/>
    <property name="sun.jnu.encoding" value="Cp1252"/>
    <property name="java.class.path" value="D:\rest-assured-automation-barriga\target\test-classes;D:\rest-assured-automation-barriga\target\classes;C:\Users\Vinicius\.m2\repository\io\rest-assured\rest-assured\5.3.0\rest-assured-5.3.0.jar;C:\Users\Vinicius\.m2\repository\org\apache\groovy\groovy\4.0.6\groovy-4.0.6.jar;C:\Users\Vinicius\.m2\repository\org\apache\groovy\groovy-xml\4.0.6\groovy-xml-4.0.6.jar;C:\Users\Vinicius\.m2\repository\org\apache\httpcomponents\httpclient\4.5.13\httpclient-4.5.13.jar;C:\Users\Vinicius\.m2\repository\org\apache\httpcomponents\httpcore\4.4.13\httpcore-4.4.13.jar;C:\Users\Vinicius\.m2\repository\commons-logging\commons-logging\1.2\commons-logging-1.2.jar;C:\Users\Vinicius\.m2\repository\commons-codec\commons-codec\1.11\commons-codec-1.11.jar;C:\Users\Vinicius\.m2\repository\org\apache\httpcomponents\httpmime\4.5.13\httpmime-4.5.13.jar;C:\Users\Vinicius\.m2\repository\org\hamcrest\hamcrest\2.1\hamcrest-2.1.jar;C:\Users\Vinicius\.m2\repository\org\ccil\cowan\tagsoup\tagsoup\1.2.1\tagsoup-1.2.1.jar;C:\Users\Vinicius\.m2\repository\io\rest-assured\json-path\5.3.0\json-path-5.3.0.jar;C:\Users\Vinicius\.m2\repository\org\apache\groovy\groovy-json\4.0.6\groovy-json-4.0.6.jar;C:\Users\Vinicius\.m2\repository\io\rest-assured\rest-assured-common\5.3.0\rest-assured-common-5.3.0.jar;C:\Users\Vinicius\.m2\repository\io\rest-assured\xml-path\5.3.0\xml-path-5.3.0.jar;C:\Users\Vinicius\.m2\repository\org\apache\commons\commons-lang3\3.11\commons-lang3-3.11.jar;C:\Users\Vinicius\.m2\repository\com\google\code\gson\gson\2.8.9\gson-2.8.9.jar;C:\Users\Vinicius\.m2\repository\io\qameta\allure\allure-rest-assured\2.17.3\allure-rest-assured-2.17.3.jar;C:\Users\Vinicius\.m2\repository\io\qameta\allure\allure-attachments\2.17.3\allure-attachments-2.17.3.jar;C:\Users\Vinicius\.m2\repository\org\freemarker\freemarker\2.3.31\freemarker-2.3.31.jar;C:\Users\Vinicius\.m2\repository\io\qameta\allure\allure-junit4\2.17.3\allure-junit4-2.17.3.jar;C:\Users\Vinicius\.m2\repository\io\qameta\allure\allure-java-commons\2.17.3\allure-java-commons-2.17.3.jar;C:\Users\Vinicius\.m2\repository\org\slf4j\slf4j-api\1.7.30\slf4j-api-1.7.30.jar;C:\Users\Vinicius\.m2\repository\io\qameta\allure\allure-model\2.17.3\allure-model-2.17.3.jar;C:\Users\Vinicius\.m2\repository\junit\junit\4.13.2\junit-4.13.2.jar;C:\Users\Vinicius\.m2\repository\org\hamcrest\hamcrest-core\1.3\hamcrest-core-1.3.jar;C:\Users\Vinicius\.m2\repository\io\cucumber\cucumber-java\7.12.0\cucumber-java-7.12.0.jar;C:\Users\Vinicius\.m2\repository\io\cucumber\cucumber-core\7.12.0\cucumber-core-7.12.0.jar;C:\Users\Vinicius\.m2\repository\io\cucumber\cucumber-gherkin\7.12.0\cucumber-gherkin-7.12.0.jar;C:\Users\Vinicius\.m2\repository\io\cucumber\cucumber-gherkin-messages\7.12.0\cucumber-gherkin-messages-7.12.0.jar;C:\Users\Vinicius\.m2\repository\io\cucumber\gherkin\26.2.0\gherkin-26.2.0.jar;C:\Users\Vinicius\.m2\repository\io\cucumber\messages\22.0.0\messages-22.0.0.jar;C:\Users\Vinicius\.m2\repository\io\cucumber\tag-expressions\5.0.1\tag-expressions-5.0.1.jar;C:\Users\Vinicius\.m2\repository\io\cucumber\cucumber-expressions\16.1.2\cucumber-expressions-16.1.2.jar;C:\Users\Vinicius\.m2\repository\io\cucumber\datatable\7.12.0\datatable-7.12.0.jar;C:\Users\Vinicius\.m2\repository\io\cucumber\cucumber-plugin\7.12.0\cucumber-plugin-7.12.0.jar;C:\Users\Vinicius\.m2\repository\io\cucumber\docstring\7.12.0\docstring-7.12.0.jar;C:\Users\Vinicius\.m2\repository\io\cucumber\html-formatter\20.3.0\html-formatter-20.3.0.jar;C:\Users\Vinicius\.m2\repository\io\cucumber\junit-xml-formatter\0.2.0\junit-xml-formatter-0.2.0.jar;C:\Users\Vinicius\.m2\repository\io\cucumber\ci-environment\9.2.0\ci-environment-9.2.0.jar;C:\Users\Vinicius\.m2\repository\org\apiguardian\apiguardian-api\1.1.2\apiguardian-api-1.1.2.jar;C:\Users\Vinicius\.m2\repository\io\cucumber\cucumber-junit\7.12.0\cucumber-junit-7.12.0.jar;"/>
    <property name="java.vm.vendor" value="Oracle Corporation"/>
    <property name="sun.arch.data.model" value="64"/>
    <property name="user.variant" value=""/>
    <property name="java.vendor.url" value="http://java.oracle.com/"/>
    <property name="user.timezone" value="America/Sao_Paulo"/>
    <property name="java.vm.specification.version" value="1.8"/>
    <property name="os.name" value="Windows 10"/>
    <property name="user.country" value="US"/>
    <property name="sun.java.launcher" value="SUN_STANDARD"/>
    <property name="sun.boot.library.path" value="D:\Arquivos de Programas\Java\jdk1.8.0_261\jre\bin"/>
    <property name="sun.java.command" value="C:\Users\Vinicius\AppData\Local\Temp\surefire6209372026382376104\surefirebooter-20230509155006797_3.jar C:\Users\Vinicius\AppData\Local\Temp\surefire6209372026382376104 2023-05-09T15-50-06_468-jvmRun1 surefire-20230509155006797_1tmp surefire_0-20230509155006797_2tmp"/>
    <property name="surefire.test.class.path" value="D:\rest-assured-automation-barriga\target\test-classes;D:\rest-assured-automation-barriga\target\classes;C:\Users\Vinicius\.m2\repository\io\rest-assured\rest-assured\5.3.0\rest-assured-5.3.0.jar;C:\Users\Vinicius\.m2\repository\org\apache\groovy\groovy\4.0.6\groovy-4.0.6.jar;C:\Users\Vinicius\.m2\repository\org\apache\groovy\groovy-xml\4.0.6\groovy-xml-4.0.6.jar;C:\Users\Vinicius\.m2\repository\org\apache\httpcomponents\httpclient\4.5.13\httpclient-4.5.13.jar;C:\Users\Vinicius\.m2\repository\org\apache\httpcomponents\httpcore\4.4.13\httpcore-4.4.13.jar;C:\Users\Vinicius\.m2\repository\commons-logging\commons-logging\1.2\commons-logging-1.2.jar;C:\Users\Vinicius\.m2\repository\commons-codec\commons-codec\1.11\commons-codec-1.11.jar;C:\Users\Vinicius\.m2\repository\org\apache\httpcomponents\httpmime\4.5.13\httpmime-4.5.13.jar;C:\Users\Vinicius\.m2\repository\org\hamcrest\hamcrest\2.1\hamcrest-2.1.jar;C:\Users\Vinicius\.m2\repository\org\ccil\cowan\tagsoup\tagsoup\1.2.1\tagsoup-1.2.1.jar;C:\Users\Vinicius\.m2\repository\io\rest-assured\json-path\5.3.0\json-path-5.3.0.jar;C:\Users\Vinicius\.m2\repository\org\apache\groovy\groovy-json\4.0.6\groovy-json-4.0.6.jar;C:\Users\Vinicius\.m2\repository\io\rest-assured\rest-assured-common\5.3.0\rest-assured-common-5.3.0.jar;C:\Users\Vinicius\.m2\repository\io\rest-assured\xml-path\5.3.0\xml-path-5.3.0.jar;C:\Users\Vinicius\.m2\repository\org\apache\commons\commons-lang3\3.11\commons-lang3-3.11.jar;C:\Users\Vinicius\.m2\repository\com\google\code\gson\gson\2.8.9\gson-2.8.9.jar;C:\Users\Vinicius\.m2\repository\io\qameta\allure\allure-rest-assured\2.17.3\allure-rest-assured-2.17.3.jar;C:\Users\Vinicius\.m2\repository\io\qameta\allure\allure-attachments\2.17.3\allure-attachments-2.17.3.jar;C:\Users\Vinicius\.m2\repository\org\freemarker\freemarker\2.3.31\freemarker-2.3.31.jar;C:\Users\Vinicius\.m2\repository\io\qameta\allure\allure-junit4\2.17.3\allure-junit4-2.17.3.jar;C:\Users\Vinicius\.m2\repository\io\qameta\allure\allure-java-commons\2.17.3\allure-java-commons-2.17.3.jar;C:\Users\Vinicius\.m2\repository\org\slf4j\slf4j-api\1.7.30\slf4j-api-1.7.30.jar;C:\Users\Vinicius\.m2\repository\io\qameta\allure\allure-model\2.17.3\allure-model-2.17.3.jar;C:\Users\Vinicius\.m2\repository\junit\junit\4.13.2\junit-4.13.2.jar;C:\Users\Vinicius\.m2\repository\org\hamcrest\hamcrest-core\1.3\hamcrest-core-1.3.jar;C:\Users\Vinicius\.m2\repository\io\cucumber\cucumber-java\7.12.0\cucumber-java-7.12.0.jar;C:\Users\Vinicius\.m2\repository\io\cucumber\cucumber-core\7.12.0\cucumber-core-7.12.0.jar;C:\Users\Vinicius\.m2\repository\io\cucumber\cucumber-gherkin\7.12.0\cucumber-gherkin-7.12.0.jar;C:\Users\Vinicius\.m2\repository\io\cucumber\cucumber-gherkin-messages\7.12.0\cucumber-gherkin-messages-7.12.0.jar;C:\Users\Vinicius\.m2\repository\io\cucumber\gherkin\26.2.0\gherkin-26.2.0.jar;C:\Users\Vinicius\.m2\repository\io\cucumber\messages\22.0.0\messages-22.0.0.jar;C:\Users\Vinicius\.m2\repository\io\cucumber\tag-expressions\5.0.1\tag-expressions-5.0.1.jar;C:\Users\Vinicius\.m2\repository\io\cucumber\cucumber-expressions\16.1.2\cucumber-expressions-16.1.2.jar;C:\Users\Vinicius\.m2\repository\io\cucumber\datatable\7.12.0\datatable-7.12.0.jar;C:\Users\Vinicius\.m2\repository\io\cucumber\cucumber-plugin\7.12.0\cucumber-plugin-7.12.0.jar;C:\Users\Vinicius\.m2\repository\io\cucumber\docstring\7.12.0\docstring-7.12.0.jar;C:\Users\Vinicius\.m2\repository\io\cucumber\html-formatter\20.3.0\html-formatter-20.3.0.jar;C:\Users\Vinicius\.m2\repository\io\cucumber\junit-xml-formatter\0.2.0\junit-xml-formatter-0.2.0.jar;C:\Users\Vinicius\.m2\repository\io\cucumber\ci-environment\9.2.0\ci-environment-9.2.0.jar;C:\Users\Vinicius\.m2\repository\org\apiguardian\apiguardian-api\1.1.2\apiguardian-api-1.1.2.jar;C:\Users\Vinicius\.m2\repository\io\cucumber\cucumber-junit\7.12.0\cucumber-junit-7.12.0.jar;"/>
    <property name="sun.cpu.endian" value="little"/>
    <property name="user.home" value="C:\Users\Vinicius"/>
    <property name="user.language" value="en"/>
    <property name="java.specification.vendor" value="Oracle Corporation"/>
    <property name="java.home" value="D:\Arquivos de Programas\Java\jdk1.8.0_261\jre"/>
    <property name="basedir" value="D:\rest-assured-automation-barriga"/>
    <property name="file.separator" value="\"/>
    <property name="line.separator" value="&#10;"/>
    <property name="java.vm.specification.vendor" value="Oracle Corporation"/>
    <property name="java.specification.name" value="Java Platform API Specification"/>
    <property name="java.awt.graphicsenv" value="sun.awt.Win32GraphicsEnvironment"/>
    <property name="surefire.real.class.path" value="C:\Users\Vinicius\AppData\Local\Temp\surefire6209372026382376104\surefirebooter-20230509155006797_3.jar"/>
    <property name="sun.boot.class.path" value="D:\Arquivos de Programas\Java\jdk1.8.0_261\jre\lib\resources.jar;D:\Arquivos de Programas\Java\jdk1.8.0_261\jre\lib\rt.jar;D:\Arquivos de Programas\Java\jdk1.8.0_261\jre\lib\sunrsasign.jar;D:\Arquivos de Programas\Java\jdk1.8.0_261\jre\lib\jsse.jar;D:\Arquivos de Programas\Java\jdk1.8.0_261\jre\lib\jce.jar;D:\Arquivos de Programas\Java\jdk1.8.0_261\jre\lib\charsets.jar;D:\Arquivos de Programas\Java\jdk1.8.0_261\jre\lib\jfr.jar;D:\Arquivos de Programas\Java\jdk1.8.0_261\jre\classes"/>
    <property name="user.script" value=""/>
    <property name="sun.management.compiler" value="HotSpot 64-Bit Tiered Compilers"/>
    <property name="java.runtime.version" value="1.8.0_261-b12"/>
    <property name="user.name" value="Vinicius"/>
    <property name="path.separator" value=";"/>
    <property name="os.version" value="10.0"/>
    <property name="java.endorsed.dirs" value="D:\Arquivos de Programas\Java\jdk1.8.0_261\jre\lib\endorsed"/>
    <property name="java.runtime.name" value="Java(TM) SE Runtime Environment"/>
    <property name="file.encoding" value="UTF-8"/>
    <property name="java.vm.name" value="Java HotSpot(TM) 64-Bit Server VM"/>
    <property name="localRepository" value="C:\Users\Vinicius\.m2\repository"/>
    <property name="java.vendor.url.bug" value="http://bugreport.sun.com/bugreport/"/>
    <property name="java.io.tmpdir" value="C:\Users\Vinicius\AppData\Local\Temp\"/>
    <property name="java.version" value="1.8.0_261"/>
    <property name="user.dir" value="D:\rest-assured-automation-barriga"/>
    <property name="os.arch" value="amd64"/>
    <property name="java.vm.specification.name" value="Java Virtual Machine Specification"/>
    <property name="java.awt.printerjob" value="sun.awt.windows.WPrinterJob"/>
    <property name="sun.os.patch.level" value=""/>
    <property name="java.library.path" value="D:\Arquivos de Programas\Java\jdk1.8.0_261\jre\bin;C:\WINDOWS\Sun\Java\bin;C:\WINDOWS\system32;C:\WINDOWS;C:\Program Files\Common Files\Oracle\Java\javapath;C:\Program Files (x86)\Common Files\Oracle\Java\javapath;C:\WINDOWS\system32;C:\WINDOWS;C:\WINDOWS\System32\Wbem;C:\WINDOWS\System32\WindowsPowerShell\v1.0\;C:\WINDOWS\System32\OpenSSH\;D:\Arquivos de Programas\Java\jdk1.8.0_261\bin;C:\Program Files\Git\cmd;D:\Arquivos de Programas\nodejs\;C:\Program Files\dotnet\;C:\Program Files (x86)\NVIDIA Corporation\PhysX\Common;C:\Program Files\Microsoft SQL Server\Client SDK\ODBC\170\Tools\Binn\;C:\Program Files (x86)\Microsoft SQL Server\150\Tools\Binn\;C:\Program Files\Microsoft SQL Server\150\Tools\Binn\;C:\Program Files\Microsoft SQL Server\150\DTS\Binn\;D:\Haxe\haxe;D:\Haxe\neko;C:\WINDOWS\system32;C:\WINDOWS;C:\WINDOWS\System32\Wbem;C:\WINDOWS\System32\WindowsPowerShell\v1.0\;C:\WINDOWS\System32\OpenSSH\;C:\Users\Vinicius\scoop\shims;C:\Users\Vinicius\AppData\Local\Programs\Python\Python39\Scripts\;C:\Users\Vinicius\AppData\Local\Programs\Python\Python39\;C:\Users\Vinicius\AppData\Local\Microsoft\WindowsApps;D:\Arquivos de Programas\Microsoft VS Code\bin;D:\Arquivos de Programas\apache-maven-3.6.3\bin;D:\Arquivos de Programas\Java\jdk1.8.0_261\bin;C:\Program Files\WinRAR.exe;C:\Program Files\Java\jdk-11.0.10\bin;C:\Users\Vinicius\AppData\Roaming\npm;C:\Users\Vinicius\.dotnet\tools;C:\Program Files\Azure Data Studio\bin;;."/>
    <property name="java.vm.info" value="mixed mode"/>
    <property name="java.vendor" value="Oracle Corporation"/>
    <property name="java.vm.version" value="25.261-b12"/>
    <property name="java.ext.dirs" value="D:\Arquivos de Programas\Java\jdk1.8.0_261\jre\lib\ext;C:\WINDOWS\Sun\Java\lib\ext"/>
    <property name="sun.io.unicode.encoding" value="UnicodeLittle"/>
    <property name="java.class.version" value="52.0"/>
  </properties>
  <testcase name="Trying to create an account without authenticating" classname="Negative tests on the &quot;SeuBarriga&quot; API" time="2.546">
    <system-err><![CDATA[SLF4J: Failed to load class "org.slf4j.impl.StaticLoggerBinder".
SLF4J: Defaulting to no-operation (NOP) logger implementation
SLF4J: See http://www.slf4j.org/codes.html#StaticLoggerBinder for further details.
]]></system-err>
  </testcase>
  <testcase name="Trying to create a duplicate account" classname="Negative tests on the &quot;SeuBarriga&quot; API" time="2.726">
    <failure message="1 expectation failed.&#10;JSON path error doesn&apos;t match.&#10;Expected: is &quot;JÃ¡ existe uma conta com esse nome!&quot;&#10;  Actual: Já existe uma conta com esse nome!&#10;" type="java.lang.AssertionError"><![CDATA[java.lang.AssertionError: 
1 expectation failed.
JSON path error doesn't match.
Expected: is "JÃ¡ existe uma conta com esse nome!"
  Actual: Já existe uma conta com esse nome!

	at sun.reflect.NativeConstructorAccessorImpl.newInstance0(Native Method)
	at sun.reflect.NativeConstructorAccessorImpl.newInstance(NativeConstructorAccessorImpl.java:62)
	at sun.reflect.DelegatingConstructorAccessorImpl.newInstance(DelegatingConstructorAccessorImpl.java:45)
	at java.lang.reflect.Constructor.newInstance(Constructor.java:423)
	at org.codehaus.groovy.reflection.CachedConstructor.invoke(CachedConstructor.java:73)
	at org.codehaus.groovy.reflection.CachedConstructor.doConstructorInvoke(CachedConstructor.java:60)
	at org.codehaus.groovy.runtime.callsite.ConstructorSite$ConstructorSiteNoUnwrap.callConstructor(ConstructorSite.java:86)
	at org.codehaus.groovy.runtime.callsite.CallSiteArray.defaultCallConstructor(CallSiteArray.java:57)
	at org.codehaus.groovy.runtime.callsite.AbstractCallSite.callConstructor(AbstractCallSite.java:263)
	at org.codehaus.groovy.runtime.callsite.AbstractCallSite.callConstructor(AbstractCallSite.java:277)
	at io.restassured.internal.ResponseSpecificationImpl$HamcrestAssertionClosure.validate(ResponseSpecificationImpl.groovy:512)
	at io.restassured.internal.ResponseSpecificationImpl$HamcrestAssertionClosure$validate$1.call(Unknown Source)
	at io.restassured.internal.ResponseSpecificationImpl.validateResponseIfRequired(ResponseSpecificationImpl.groovy:696)
	at io.restassured.internal.ResponseSpecificationImpl.this$2$validateResponseIfRequired(ResponseSpecificationImpl.groovy)
	at sun.reflect.NativeMethodAccessorImpl.invoke0(Native Method)
	at sun.reflect.NativeMethodAccessorImpl.invoke(NativeMethodAccessorImpl.java:62)
	at sun.reflect.DelegatingMethodAccessorImpl.invoke(DelegatingMethodAccessorImpl.java:43)
	at java.lang.reflect.Method.invoke(Method.java:498)
	at org.codehaus.groovy.runtime.callsite.PlainObjectMetaMethodSite.doInvoke(PlainObjectMetaMethodSite.java:43)
	at org.codehaus.groovy.runtime.callsite.PogoMetaMethodSite$PogoCachedMethodSiteNoUnwrapNoCoerce.invoke(PogoMetaMethodSite.java:198)
	at org.codehaus.groovy.runtime.callsite.PogoMetaMethodSite.callCurrent(PogoMetaMethodSite.java:62)
	at org.codehaus.groovy.runtime.callsite.CallSiteArray.defaultCallCurrent(CallSiteArray.java:49)
	at org.codehaus.groovy.runtime.callsite.AbstractCallSite.callCurrent(AbstractCallSite.java:171)
	at org.codehaus.groovy.runtime.callsite.AbstractCallSite.callCurrent(AbstractCallSite.java:185)
	at io.restassured.internal.ResponseSpecificationImpl.body(ResponseSpecificationImpl.groovy:270)
	at io.restassured.specification.ResponseSpecification$body$2.callCurrent(Unknown Source)
	at org.codehaus.groovy.runtime.callsite.CallSiteArray.defaultCallCurrent(CallSiteArray.java:49)
	at org.codehaus.groovy.runtime.callsite.AbstractCallSite.callCurrent(AbstractCallSite.java:171)
	at org.codehaus.groovy.runtime.callsite.AbstractCallSite.callCurrent(AbstractCallSite.java:212)
	at io.restassured.internal.ResponseSpecificationImpl.body(ResponseSpecificationImpl.groovy:117)
	at io.restassured.internal.ValidatableResponseOptionsImpl.body(ValidatableResponseOptionsImpl.java:244)
	at steps.ApiBarrigaSteps.iPostTheRequestToCreateTheNewAccountWithAnAlreadyRegisteredName(ApiBarrigaSteps.java:135)
	at ✽.i post the request to create the new account with an already registered name(file:///D:/rest-assured-automation-barriga/src/main/java/resources/NegativeScenarios.feature:15)
]]></failure>
    <system-out><![CDATA[HTTP/1.1 200 OK
Server: nginx/1.12.1 (Ubuntu)
Date: Tue, 09 May 2023 18:50:12 GMT
Content-Type: application/json; charset=utf-8
Content-Length: 134
Connection: keep-alive
X-Powered-By: Express
Access-Control-Allow-Origin: *
ETag: W/"86-JmpXsrjdFuRn1WK802ORF+mIArE"

{
    "id": 10223,
    "nome": "test",
    "token": "eyJ0eXAiOiJKV1QiLCJhbGciOiJIUzI1NiJ9.eyJpZCI6MTAyMjN9.zxnBf3lFzwN8wfBM438vOCjDf3eR_nUDXdvFnQ-pnU4"
}
Request method:	POST
Request URI:	https://barrigarest.wcaquino.me/contas
Proxy:			<none>
Request params:	<none>
Query params:	<none>
Form params:	<none>
Path params:	<none>
Headers:		Authorization=JWT eyJ0eXAiOiJKV1QiLCJhbGciOiJIUzI1NiJ9.eyJpZCI6MTAyMjN9.zxnBf3lFzwN8wfBM438vOCjDf3eR_nUDXdvFnQ-pnU4
				Accept=*/*
				Content-Type=application/json
Cookies:		<none>
Multiparts:		<none>
Body:
{
    "nome": "nome"
}

HTTP/1.1 400 Bad Request
Server: nginx/1.12.1 (Ubuntu)
Date: Tue, 09 May 2023 18:50:14 GMT
Content-Type: application/json; charset=utf-8
Content-Length: 47
Connection: keep-alive
X-Powered-By: Express
Access-Control-Allow-Origin: *
ETag: W/"2f-Yp0yjTChK17tu8PRQa5WFY5+BH8"

{
    "error": "Já existe uma conta com esse nome!"
}
]]></system-out>
  </testcase>
  <testcase name="Trying to insert a banking movement without the appropriate payload" classname="Negative tests on the &quot;SeuBarriga&quot; API" time="1.722">
    <system-out><![CDATA[HTTP/1.1 200 OK
Server: nginx/1.12.1 (Ubuntu)
Date: Tue, 09 May 2023 18:50:15 GMT
Content-Type: application/json; charset=utf-8
Content-Length: 134
Connection: keep-alive
X-Powered-By: Express
Access-Control-Allow-Origin: *
ETag: W/"86-JmpXsrjdFuRn1WK802ORF+mIArE"

{
    "id": 10223,
    "nome": "test",
    "token": "eyJ0eXAiOiJKV1QiLCJhbGciOiJIUzI1NiJ9.eyJpZCI6MTAyMjN9.zxnBf3lFzwN8wfBM438vOCjDf3eR_nUDXdvFnQ-pnU4"
}
]]></system-out>
  </testcase>
  <testcase name="Trying to insert a banking movement with incorrect end date" classname="Negative tests on the &quot;SeuBarriga&quot; API" time="1.803">
    <failure message="1 expectation failed.&#10;JSON path msg doesn&apos;t match.&#10;Expected: a collection containing &quot;Data da MovimentaÃ§Ã£o deve ser menor ou igual Ã  data atual&quot;&#10;  Actual: &lt;[Data da Movimentação deve ser menor ou igual à data atual]&gt;&#10;" type="java.lang.AssertionError"><![CDATA[java.lang.AssertionError: 
1 expectation failed.
JSON path msg doesn't match.
Expected: a collection containing "Data da MovimentaÃ§Ã£o deve ser menor ou igual Ã  data atual"
  Actual: <[Data da Movimentação deve ser menor ou igual à data atual]>

	at sun.reflect.NativeConstructorAccessorImpl.newInstance0(Native Method)
	at sun.reflect.NativeConstructorAccessorImpl.newInstance(NativeConstructorAccessorImpl.java:62)
	at sun.reflect.DelegatingConstructorAccessorImpl.newInstance(DelegatingConstructorAccessorImpl.java:45)
	at java.lang.reflect.Constructor.newInstance(Constructor.java:423)
	at org.codehaus.groovy.reflection.CachedConstructor.invoke(CachedConstructor.java:73)
	at org.codehaus.groovy.reflection.CachedConstructor.doConstructorInvoke(CachedConstructor.java:60)
	at org.codehaus.groovy.runtime.callsite.ConstructorSite$ConstructorSiteNoUnwrap.callConstructor(ConstructorSite.java:86)
	at org.codehaus.groovy.runtime.callsite.AbstractCallSite.callConstructor(AbstractCallSite.java:277)
	at io.restassured.internal.ResponseSpecificationImpl$HamcrestAssertionClosure.validate(ResponseSpecificationImpl.groovy:512)
	at io.restassured.internal.ResponseSpecificationImpl$HamcrestAssertionClosure$validate$1.call(Unknown Source)
	at io.restassured.internal.ResponseSpecificationImpl.validateResponseIfRequired(ResponseSpecificationImpl.groovy:696)
	at io.restassured.internal.ResponseSpecificationImpl.this$2$validateResponseIfRequired(ResponseSpecificationImpl.groovy)
	at sun.reflect.NativeMethodAccessorImpl.invoke0(Native Method)
	at sun.reflect.NativeMethodAccessorImpl.invoke(NativeMethodAccessorImpl.java:62)
	at sun.reflect.DelegatingMethodAccessorImpl.invoke(DelegatingMethodAccessorImpl.java:43)
	at java.lang.reflect.Method.invoke(Method.java:498)
	at org.codehaus.groovy.runtime.callsite.PlainObjectMetaMethodSite.doInvoke(PlainObjectMetaMethodSite.java:43)
	at org.codehaus.groovy.runtime.callsite.PogoMetaMethodSite$PogoCachedMethodSiteNoUnwrapNoCoerce.invoke(PogoMetaMethodSite.java:198)
	at org.codehaus.groovy.runtime.callsite.PogoMetaMethodSite.callCurrent(PogoMetaMethodSite.java:62)
	at org.codehaus.groovy.runtime.callsite.AbstractCallSite.callCurrent(AbstractCallSite.java:185)
	at io.restassured.internal.ResponseSpecificationImpl.body(ResponseSpecificationImpl.groovy:270)
	at io.restassured.specification.ResponseSpecification$body$2.callCurrent(Unknown Source)
	at org.codehaus.groovy.runtime.callsite.CallSiteArray.defaultCallCurrent(CallSiteArray.java:49)
	at io.restassured.specification.ResponseSpecification$body$2.callCurrent(Unknown Source)
	at io.restassured.internal.ResponseSpecificationImpl.body(ResponseSpecificationImpl.groovy:117)
	at io.restassured.internal.ValidatableResponseOptionsImpl.body(ValidatableResponseOptionsImpl.java:244)
	at steps.ApiBarrigaSteps.iPostTheRequestToInsertTheBankingMovementWithInnapropriateEndDate(ApiBarrigaSteps.java:148)
	at ✽.i post the request to insert the banking movement with innapropriate end date(file:///D:/rest-assured-automation-barriga/src/main/java/resources/NegativeScenarios.feature:29)
]]></failure>
    <system-out><![CDATA[HTTP/1.1 200 OK
Server: nginx/1.12.1 (Ubuntu)
Date: Tue, 09 May 2023 18:50:16 GMT
Content-Type: application/json; charset=utf-8
Content-Length: 134
Connection: keep-alive
X-Powered-By: Express
Access-Control-Allow-Origin: *
ETag: W/"86-JmpXsrjdFuRn1WK802ORF+mIArE"

{
    "id": 10223,
    "nome": "test",
    "token": "eyJ0eXAiOiJKV1QiLCJhbGciOiJIUzI1NiJ9.eyJpZCI6MTAyMjN9.zxnBf3lFzwN8wfBM438vOCjDf3eR_nUDXdvFnQ-pnU4"
}
Request method:	POST
Request URI:	https://barrigarest.wcaquino.me/transacoes
Proxy:			<none>
Request params:	<none>
Query params:	<none>
Form params:	<none>
Path params:	<none>
Headers:		Authorization=JWT eyJ0eXAiOiJKV1QiLCJhbGciOiJIUzI1NiJ9.eyJpZCI6MTAyMjN9.zxnBf3lFzwN8wfBM438vOCjDf3eR_nUDXdvFnQ-pnU4
				Accept=*/*
				Content-Type=application/json
Cookies:		<none>
Multiparts:		<none>
Body:
{
    "conta_id": 1734061,
    "descricao": "Bank transfer",
    "envolvido": "Vinicius Souza",
    "tipo": "REC",
    "data_transacao": "11/05/2023",
    "data_pagamento": "08/05/2023",
    "valor": 200.0,
    "status": true
}

HTTP/1.1 400 Bad Request
Server: nginx/1.12.1 (Ubuntu)
Date: Tue, 09 May 2023 18:50:17 GMT
Content-Type: application/json; charset=utf-8
Content-Length: 118
Connection: keep-alive
X-Powered-By: Express
Access-Control-Allow-Origin: *
ETag: W/"76-iceXFHYxZUCceEpdceQ7IZk0qT4"

[
    {
        "param": "data_transacao",
        "msg": "Data da Movimentação deve ser menor ou igual à data atual",
        "value": "11/05/2023"
    }
]
]]></system-out>
  </testcase>
  <testcase name="Trying to delete an account with banking transactions" classname="Negative tests on the &quot;SeuBarriga&quot; API" time="1.743">
    <system-out><![CDATA[HTTP/1.1 200 OK
Server: nginx/1.12.1 (Ubuntu)
Date: Tue, 09 May 2023 18:50:18 GMT
Content-Type: application/json; charset=utf-8
Content-Length: 134
Connection: keep-alive
X-Powered-By: Express
Access-Control-Allow-Origin: *
ETag: W/"86-JmpXsrjdFuRn1WK802ORF+mIArE"

{
    "id": 10223,
    "nome": "test",
    "token": "eyJ0eXAiOiJKV1QiLCJhbGciOiJIUzI1NiJ9.eyJpZCI6MTAyMjN9.zxnBf3lFzwN8wfBM438vOCjDf3eR_nUDXdvFnQ-pnU4"
}
]]></system-out>
  </testcase>
  <testcase name="Create an account and insert balance into it" classname="Positive tests on the &quot;SeuBarriga&quot; API" time="4.031">
    <system-out><![CDATA[HTTP/1.1 200 OK
Server: nginx/1.12.1 (Ubuntu)
Date: Tue, 09 May 2023 18:50:20 GMT
Content-Type: application/json; charset=utf-8
Content-Length: 134
Connection: keep-alive
X-Powered-By: Express
Access-Control-Allow-Origin: *
ETag: W/"86-JmpXsrjdFuRn1WK802ORF+mIArE"

{
    "id": 10223,
    "nome": "test",
    "token": "eyJ0eXAiOiJKV1QiLCJhbGciOiJIUzI1NiJ9.eyJpZCI6MTAyMjN9.zxnBf3lFzwN8wfBM438vOCjDf3eR_nUDXdvFnQ-pnU4"
}
Account 604785352943500
]]></system-out>
  </testcase>
  <testcase name="Edit a previously created account&apos;s name" classname="Positive tests on the &quot;SeuBarriga&quot; API" time="2.497">
    <system-out><![CDATA[HTTP/1.1 200 OK
Server: nginx/1.12.1 (Ubuntu)
Date: Tue, 09 May 2023 18:50:24 GMT
Content-Type: application/json; charset=utf-8
Content-Length: 134
Connection: keep-alive
X-Powered-By: Express
Access-Control-Allow-Origin: *
ETag: W/"86-JmpXsrjdFuRn1WK802ORF+mIArE"

{
    "id": 10223,
    "nome": "test",
    "token": "eyJ0eXAiOiJKV1QiLCJhbGciOiJIUzI1NiJ9.eyJpZCI6MTAyMjN9.zxnBf3lFzwN8wfBM438vOCjDf3eR_nUDXdvFnQ-pnU4"
}
]]></system-out>
  </testcase>
  <testcase name="Insert and remove banking movement from account" classname="Positive tests on the &quot;SeuBarriga&quot; API" time="4.23">
    <system-out><![CDATA[HTTP/1.1 200 OK
Server: nginx/1.12.1 (Ubuntu)
Date: Tue, 09 May 2023 18:50:26 GMT
Content-Type: application/json; charset=utf-8
Content-Length: 134
Connection: keep-alive
X-Powered-By: Express
Access-Control-Allow-Origin: *
ETag: W/"86-JmpXsrjdFuRn1WK802ORF+mIArE"

{
    "id": 10223,
    "nome": "test",
    "token": "eyJ0eXAiOiJKV1QiLCJhbGciOiJIUzI1NiJ9.eyJpZCI6MTAyMjN9.zxnBf3lFzwN8wfBM438vOCjDf3eR_nUDXdvFnQ-pnU4"
}
]]></system-out>
  </testcase>
</testsuite>